2025-12-17 12:22:20 INFO  com.example.bank.BankingApplication - Starting BankingApplication using Java 21.0.7 with PID 5520 (C:\Users\admin\Downloads\banking-log4j2-project\target\classes started by admin in C:\Users\admin\Downloads\banking-log4j2-project)
2025-12-17 12:22:20 INFO  com.example.bank.BankingApplication - No active profile set, falling back to 1 default profile: "default"
2025-12-17 12:22:21 INFO  org.springframework.data.repository.config.RepositoryConfigurationDelegate - Bootstrapping Spring Data JPA repositories in DEFAULT mode.
2025-12-17 12:22:21 INFO  org.springframework.data.repository.config.RepositoryConfigurationDelegate - Finished Spring Data repository scanning in 104 ms. Found 1 JPA repository interfaces.
2025-12-17 12:22:22 INFO  org.springframework.boot.web.embedded.tomcat.TomcatWebServer - Tomcat initialized with port(s): 8080 (http)
2025-12-17 12:22:22 INFO  org.apache.coyote.http11.Http11NioProtocol - Initializing ProtocolHandler ["http-nio-8080"]
2025-12-17 12:22:22 INFO  org.apache.catalina.core.StandardService - Starting service [Tomcat]
2025-12-17 12:22:22 INFO  org.apache.catalina.core.StandardEngine - Starting Servlet engine: [Apache Tomcat/10.1.13]
2025-12-17 12:22:22 INFO  org.apache.catalina.core.ContainerBase.[Tomcat].[localhost].[/] - Initializing Spring embedded WebApplicationContext
2025-12-17 12:22:22 INFO  org.springframework.boot.web.servlet.context.ServletWebServerApplicationContext - Root WebApplicationContext: initialization completed in 2512 ms
2025-12-17 12:22:23 INFO  org.hibernate.jpa.internal.util.LogHelper - HHH000204: Processing PersistenceUnitInfo [name: default]
2025-12-17 12:22:23 INFO  org.hibernate.Version - HHH000412: Hibernate ORM core version 6.2.9.Final
2025-12-17 12:22:23 INFO  org.hibernate.cfg.Environment - HHH000406: Using bytecode reflection optimizer
2025-12-17 12:25:14 INFO  com.example.bank.BankingApplication - Starting BankingApplication using Java 21.0.7 with PID 5392 (C:\Users\admin\Downloads\banking-log4j2-project\target\classes started by admin in C:\Users\admin\Downloads\banking-log4j2-project)
2025-12-17 12:25:14 INFO  com.example.bank.BankingApplication - No active profile set, falling back to 1 default profile: "default"
2025-12-17 12:25:17 INFO  org.springframework.data.repository.config.RepositoryConfigurationDelegate - Bootstrapping Spring Data JPA repositories in DEFAULT mode.
2025-12-17 12:25:18 INFO  org.springframework.data.repository.config.RepositoryConfigurationDelegate - Finished Spring Data repository scanning in 217 ms. Found 1 JPA repository interfaces.
2025-12-17 12:25:20 INFO  org.springframework.boot.web.embedded.tomcat.TomcatWebServer - Tomcat initialized with port(s): 8080 (http)
2025-12-17 12:25:21 INFO  org.apache.coyote.http11.Http11NioProtocol - Initializing ProtocolHandler ["http-nio-8080"]
2025-12-17 12:25:21 INFO  org.apache.catalina.core.StandardService - Starting service [Tomcat]
2025-12-17 12:25:21 INFO  org.apache.catalina.core.StandardEngine - Starting Servlet engine: [Apache Tomcat/10.1.13]
2025-12-17 12:25:21 INFO  org.apache.catalina.core.ContainerBase.[Tomcat].[localhost].[/] - Initializing Spring embedded WebApplicationContext
2025-12-17 12:25:21 INFO  org.springframework.boot.web.servlet.context.ServletWebServerApplicationContext - Root WebApplicationContext: initialization completed in 6629 ms
2025-12-17 12:25:25 INFO  org.hibernate.jpa.internal.util.LogHelper - HHH000204: Processing PersistenceUnitInfo [name: default]
2025-12-17 12:25:25 INFO  org.hibernate.Version - HHH000412: Hibernate ORM core version 6.2.9.Final
2025-12-17 12:25:25 INFO  org.hibernate.cfg.Environment - HHH000406: Using bytecode reflection optimizer
2025-12-17 12:25:25 INFO  org.hibernate.bytecode.internal.BytecodeProviderInitiator - HHH000021: Bytecode provider name : bytebuddy
2025-12-17 12:25:26 INFO  org.springframework.orm.jpa.persistenceunit.SpringPersistenceUnitInfo - No LoadTimeWeaver setup: ignoring JPA class transformer
2025-12-17 12:25:26 INFO  com.zaxxer.hikari.HikariDataSource - HikariPool-1 - Starting...
2025-12-17 12:25:27 INFO  com.zaxxer.hikari.pool.HikariPool - HikariPool-1 - Added connection com.mysql.cj.jdbc.ConnectionImpl@271e851e
2025-12-17 12:25:27 INFO  com.zaxxer.hikari.HikariDataSource - HikariPool-1 - Start completed.
2025-12-17 12:25:28 INFO  org.hibernate.bytecode.internal.BytecodeProviderInitiator - HHH000021: Bytecode provider name : bytebuddy
2025-12-17 12:25:31 INFO  org.hibernate.engine.transaction.jta.platform.internal.JtaPlatformInitiator - HHH000490: Using JtaPlatform implementation: [org.hibernate.engine.transaction.jta.platform.internal.NoJtaPlatform]
2025-12-17 12:25:32 INFO  org.springframework.orm.jpa.LocalContainerEntityManagerFactoryBean - Initialized JPA EntityManagerFactory for persistence unit 'default'
2025-12-17 12:25:33 WARN  org.springframework.boot.autoconfigure.orm.jpa.JpaBaseConfiguration$JpaWebConfiguration - spring.jpa.open-in-view is enabled by default. Therefore, database queries may be performed during view rendering. Explicitly configure spring.jpa.open-in-view to disable this warning
2025-12-17 12:25:35 INFO  org.apache.coyote.http11.Http11NioProtocol - Starting ProtocolHandler ["http-nio-8080"]
2025-12-17 12:25:35 INFO  org.springframework.boot.web.embedded.tomcat.TomcatWebServer - Tomcat started on port(s): 8080 (http) with context path ''
2025-12-17 12:25:35 INFO  com.example.bank.BankingApplication - Started BankingApplication in 22.814 seconds (process running for 45.593)
2025-12-17 12:25:47 INFO  org.apache.catalina.core.ContainerBase.[Tomcat].[localhost].[/] - Initializing Spring DispatcherServlet 'dispatcherServlet'
2025-12-17 12:25:47 INFO  org.springframework.web.servlet.DispatcherServlet - Initializing Servlet 'dispatcherServlet'
2025-12-17 12:25:47 INFO  org.springframework.web.servlet.DispatcherServlet - Completed initialization in 5 ms
2025-12-17 12:25:48 INFO  com.example.bank.controller.AccountController - POST /accounts called
2025-12-17 12:25:48 INFO  com.example.bank.service.AccountService - Creating account for Avinash
2025-12-17 12:26:15 INFO  com.example.bank.controller.AccountController - POST /accounts called
2025-12-17 12:26:15 INFO  com.example.bank.service.AccountService - Creating account for Avinash
2025-12-17 12:28:19 INFO  com.example.bank.controller.AccountController - GET /accounts/1
